[debug] [2019-09-29T21:34:13.854Z] ----------------------------------------------------------------------
[debug] [2019-09-29T21:34:13.857Z] Command:       C:\Program Files\nodejs\node.exe C:\Users\Adriana\AppData\Roaming\npm\node_modules\firebase-tools\lib\bin\firebase.js serve
[debug] [2019-09-29T21:34:13.857Z] CLI Version:   7.4.0
[debug] [2019-09-29T21:34:13.857Z] Platform:      win32
[debug] [2019-09-29T21:34:13.857Z] Node Version:  v10.16.0
[debug] [2019-09-29T21:34:13.858Z] Time:          Sun Sep 29 2019 16:34:13 GMT-0500 (GMT-05:00)
[debug] [2019-09-29T21:34:13.858Z] ----------------------------------------------------------------------
[debug] 
[debug] [2019-09-29T21:34:13.865Z] > command requires scopes: ["email","openid","https://www.googleapis.com/auth/cloudplatformprojects.readonly","https://www.googleapis.com/auth/firebase","https://www.googleapis.com/auth/cloud-platform"]
[debug] [2019-09-29T21:34:13.866Z] > authorizing via signed-in user
[debug] [2019-09-29T21:34:13.866Z] [iam] checking project pan-d-monium-app for permissions ["firebase.projects.get"]
[debug] [2019-09-29T21:34:13.867Z] >>> HTTP REQUEST POST https://cloudresourcemanager.googleapis.com/v1/projects/pan-d-monium-app:testIamPermissions  

[debug] [2019-09-29T21:34:14.245Z] <<< HTTP RESPONSE 200
[debug] [2019-09-29T21:34:14.246Z] >>> HTTP REQUEST GET https://firebase.googleapis.com/v1beta1/projects/pan-d-monium-app  
 
[debug] [2019-09-29T21:34:14.681Z] <<< HTTP RESPONSE 200
[info] 
[info] === Serving from 'C:\Users\Adriana\Desktop\MEX008-FE-Burger-Queen\pandmonium-app'...
[info] 
[debug] [2019-09-29T21:34:14.688Z] >>> HTTP REQUEST GET https://firebase.googleapis.com/v1beta1/projects/pan-d-monium-app/webApps/-/config  
 
[warn] !  Your requested "node" version "8" doesn't match your global version "10"
[info] +  functions: Emulator started at http://localhost:5001
[debug] [2019-09-29T21:34:15.105Z] <<< HTTP RESPONSE 200
[info] i  functions: Watching "C:\Users\Adriana\Desktop\MEX008-FE-Burger-Queen\pandmonium-app\functions" for Cloud Functions...
[info] i  hosting: Serving hosting files from: public
[info] +  hosting: Local server: http://localhost:5000
[debug] [2019-09-29T21:34:15.774Z] [runtime-status] Functions runtime initialized. {"cwd":"C:\\Users\\Adriana\\Desktop\\MEX008-FE-Burger-Queen\\pandmonium-app\\functions","node_version":"10.16.0"}
[debug] [2019-09-29T21:34:15.775Z] [runtime-status] Disabled runtime features: {"functions_config_helper":true,"network_filtering":true,"timeout":true,"memory_limiting":true,"admin_stubs":true} {}
[debug] [2019-09-29T21:34:15.778Z] [runtime-status] Resolved module firebase-admin {"declared":true,"installed":true,"version":"8.6.0","resolution":"C:\\Users\\Adriana\\Desktop\\MEX008-FE-Burger-Queen\\pandmonium-app\\functions\\node_modules\\firebase-admin\\lib\\index.js"}
[debug] [2019-09-29T21:34:15.779Z] [runtime-status] Resolved module firebase-functions {"declared":true,"installed":true,"version":"3.2.0","resolution":"C:\\Users\\Adriana\\Desktop\\MEX008-FE-Burger-Queen\\pandmonium-app\\functions\\node_modules\\firebase-functions\\lib\\index.js"}
[debug] [2019-09-29T21:34:15.780Z] [runtime-status] Resolved module firebase-functions {"declared":true,"installed":true,"version":"3.2.0","resolution":"C:\\Users\\Adriana\\Desktop\\MEX008-FE-Burger-Queen\\pandmonium-app\\functions\\node_modules\\firebase-functions\\lib\\index.js"}
